# JRE version: OpenJDK Runtime Environment (19.0+4) (build 19-loom+4-115)
# Java VM: OpenJDK 64-Bit Server VM (19-loom+4-115, mixed mode, sharing, tiered, compressed oops, compressed class ptrs, parallel gc, linux-amd64)
GC Precious Log:
 CardTable entry size: 512
 CPUs: 12 total, 1 available
 Memory: 31870M
 Large Page Support: Disabled
 NUMA Support: Disabled
 Compressed Oops: Enabled (32-bit)
 Alignments: Space 512K, Generation 512K, Heap 2M
 Heap Min Capacity: 8M
 Heap Initial Capacity: 498M
 Heap Max Capacity: 512M
 Pre-touch: Disabled
 Parallel Workers: 1
Heap:
 PSYoungGen      total 110080K, used 41533K [0x00000000f5580000, 0x00000000fd000000, 0x0000000100000000)
  eden space 99840K, 38% used [0x00000000f5580000,0x00000000f7acf610,0x00000000fb700000)
  from space 10240K, 32% used [0x00000000fc600000,0x00000000fc940000,0x00000000fd000000)
  to   space 12800K, 0% used [0x00000000fb700000,0x00000000fb700000,0x00000000fc380000)
 ParOldGen       total 339968K, used 22821K [0x00000000e0000000, 0x00000000f4c00000, 0x00000000f5580000)
  object space 339968K, 6% used [0x00000000e0000000,0x00000000e1649780,0x00000000f4c00000)
 Metaspace       used 27225K, committed 27584K, reserved 1114112K
  class space    used 2976K, committed 3136K, reserved 1048576K
GC Heap History (20 events):
Event: 96,861 GC heap before
{Heap before GC invocations=14 (full 5):
 PSYoungGen      total 136704K, used 125995K [0x00000000f5580000, 0x00000000ff100000, 0x0000000100000000)
  eden space 123392K, 100% used [0x00000000f5580000,0x00000000fce00000,0x00000000fce00000)
  from space 13312K, 19% used [0x00000000fe400000,0x00000000fe68ac30,0x00000000ff100000)
  to   space 17920K, 0% used [0x00000000fce00000,0x00000000fce00000,0x00000000fdf80000)
 ParOldGen       total 339968K, used 19250K [0x00000000e0000000, 0x00000000f4c00000, 0x00000000f5580000)
  object space 339968K, 5% used [0x00000000e0000000,0x00000000e12cc948,0x00000000f4c00000)
 Metaspace       used 27158K, committed 27520K, reserved 1114112K
  class space    used 2973K, committed 3136K, reserved 1048576K
}
Event: 96,868 GC heap after
{Heap after GC invocations=14 (full 5):
 PSYoungGen      total 123392K, used 2411K [0x00000000f5580000, 0x00000000fed80000, 0x0000000100000000)
  eden space 120832K, 0% used [0x00000000f5580000,0x00000000f5580000,0x00000000fcb80000)
  from space 2560K, 94% used [0x00000000fce00000,0x00000000fd05ac30,0x00000000fd080000)
  to   space 17408K, 0% used [0x00000000fdc80000,0x00000000fdc80000,0x00000000fed80000)
 ParOldGen       total 339968K, used 19250K [0x00000000e0000000, 0x00000000f4c00000, 0x00000000f5580000)
  object space 339968K, 5% used [0x00000000e0000000,0x00000000e12cc948,0x00000000f4c00000)
 Metaspace       used 27158K, committed 27520K, reserved 1114112K
  class space    used 2973K, committed 3136K, reserved 1048576K
}
Event: 114,945 GC heap before
{Heap before GC invocations=15 (full 5):
 PSYoungGen      total 123392K, used 123243K [0x00000000f5580000, 0x00000000fed80000, 0x0000000100000000)
  eden space 120832K, 100% used [0x00000000f5580000,0x00000000fcb80000,0x00000000fcb80000)
  from space 2560K, 94% used [0x00000000fce00000,0x00000000fd05ac30,0x00000000fd080000)
  to   space 17408K, 0% used [0x00000000fdc80000,0x00000000fdc80000,0x00000000fed80000)
 ParOldGen       total 339968K, used 19250K [0x00000000e0000000, 0x00000000f4c00000, 0x00000000f5580000)
  object space 339968K, 5% used [0x00000000e0000000,0x00000000e12cc948,0x00000000f4c00000)
 Metaspace       used 27171K, committed 27520K, reserved 1114112K
  class space    used 2973K, committed 3136K, reserved 1048576K
}
Event: 114,964 GC heap after
{Heap after GC invocations=15 (full 5):
 PSYoungGen      total 133120K, used 1344K [0x00000000f5580000, 0x00000000feb00000, 0x0000000100000000)
  eden space 118272K, 0% used [0x00000000f5580000,0x00000000f5580000,0x00000000fc900000)
  from space 14848K, 9% used [0x00000000fdc80000,0x00000000fddd0000,0x00000000feb00000)
  to   space 17408K, 0% used [0x00000000fc900000,0x00000000fc900000,0x00000000fda00000)
 ParOldGen       total 339968K, used 20305K [0x00000000e0000000, 0x00000000f4c00000, 0x00000000f5580000)
  object space 339968K, 5% used [0x00000000e0000000,0x00000000e13d45c0,0x00000000f4c00000)
 Metaspace       used 27171K, committed 27520K, reserved 1114112K
  class space    used 2973K, committed 3136K, reserved 1048576K
}
Event: 132,238 GC heap before
{Heap before GC invocations=16 (full 5):
 PSYoungGen      total 133120K, used 119616K [0x00000000f5580000, 0x00000000feb00000, 0x0000000100000000)
  eden space 118272K, 100% used [0x00000000f5580000,0x00000000fc900000,0x00000000fc900000)
  from space 14848K, 9% used [0x00000000fdc80000,0x00000000fddd0000,0x00000000feb00000)
  to   space 17408K, 0% used [0x00000000fc900000,0x00000000fc900000,0x00000000fda00000)
 ParOldGen       total 339968K, used 20305K [0x00000000e0000000, 0x00000000f4c00000, 0x00000000f5580000)
  object space 339968K, 5% used [0x00000000e0000000,0x00000000e13d45c0,0x00000000f4c00000)
 Metaspace       used 27194K, committed 27520K, reserved 1114112K
  class space    used 2976K, committed 3136K, reserved 1048576K
}
Event: 132,249 GC heap after
{Heap after GC invocations=16 (full 5):
 PSYoungGen      total 117248K, used 1344K [0x00000000f5580000, 0x00000000fe780000, 0x0000000100000000)
  eden space 115712K, 0% used [0x00000000f5580000,0x00000000f5580000,0x00000000fc680000)
  from space 1536K, 87% used [0x00000000fc900000,0x00000000fca50000,0x00000000fca80000)
  to   space 16896K, 0% used [0x00000000fd700000,0x00000000fd700000,0x00000000fe780000)
 ParOldGen       total 339968K, used 20321K [0x00000000e0000000, 0x00000000f4c00000, 0x00000000f5580000)
  object space 339968K, 5% used [0x00000000e0000000,0x00000000e13d85c0,0x00000000f4c00000)
 Metaspace       used 27194K, committed 27520K, reserved 1114112K
  class space    used 2976K, committed 3136K, reserved 1048576K
}
Event: 149,696 GC heap before
{Heap before GC invocations=17 (full 5):
 PSYoungGen      total 117248K, used 117056K [0x00000000f5580000, 0x00000000fe780000, 0x0000000100000000)
  eden space 115712K, 100% used [0x00000000f5580000,0x00000000fc680000,0x00000000fc680000)
  from space 1536K, 87% used [0x00000000fc900000,0x00000000fca50000,0x00000000fca80000)
  to   space 16896K, 0% used [0x00000000fd700000,0x00000000fd700000,0x00000000fe780000)
 ParOldGen       total 339968K, used 20321K [0x00000000e0000000, 0x00000000f4c00000, 0x00000000f5580000)
  object space 339968K, 5% used [0x00000000e0000000,0x00000000e13d85c0,0x00000000f4c00000)
 Metaspace       used 27194K, committed 27520K, reserved 1114112K
  class space    used 2976K, committed 3136K, reserved 1048576K
}
Event: 149,699 GC heap after
{Heap after GC invocations=17 (full 5):
 PSYoungGen      total 127488K, used 1472K [0x00000000f5580000, 0x00000000fe500000, 0x0000000100000000)
  eden space 113152K, 0% used [0x00000000f5580000,0x00000000f5580000,0x00000000fc400000)
  from space 14336K, 10% used [0x00000000fd700000,0x00000000fd870000,0x00000000fe500000)
  to   space 16896K, 0% used [0x00000000fc400000,0x00000000fc400000,0x00000000fd480000)
 ParOldGen       total 339968K, used 20329K [0x00000000e0000000, 0x00000000f4c00000, 0x00000000f5580000)
  object space 339968K, 5% used [0x00000000e0000000,0x00000000e13da5c0,0x00000000f4c00000)
 Metaspace       used 27194K, committed 27520K, reserved 1114112K
  class space    used 2976K, committed 3136K, reserved 1048576K
}
Event: 166,544 GC heap before
{Heap before GC invocations=18 (full 5):
 PSYoungGen      total 127488K, used 114624K [0x00000000f5580000, 0x00000000fe500000, 0x0000000100000000)
  eden space 113152K, 100% used [0x00000000f5580000,0x00000000fc400000,0x00000000fc400000)
  from space 14336K, 10% used [0x00000000fd700000,0x00000000fd870000,0x00000000fe500000)
  to   space 16896K, 0% used [0x00000000fc400000,0x00000000fc400000,0x00000000fd480000)
 ParOldGen       total 339968K, used 20329K [0x00000000e0000000, 0x00000000f4c00000, 0x00000000f5580000)
  object space 339968K, 5% used [0x00000000e0000000,0x00000000e13da5c0,0x00000000f4c00000)
 Metaspace       used 27194K, committed 27520K, reserved 1114112K
  class space    used 2976K, committed 3136K, reserved 1048576K
}
Event: 166,555 GC heap after
{Heap after GC invocations=18 (full 5):
 PSYoungGen      total 112128K, used 1248K [0x00000000f5580000, 0x00000000fe180000, 0x0000000100000000)
  eden space 110592K, 0% used [0x00000000f5580000,0x00000000f5580000,0x00000000fc180000)
  from space 1536K, 81% used [0x00000000fc400000,0x00000000fc538000,0x00000000fc580000)
  to   space 16384K, 0% used [0x00000000fd180000,0x00000000fd180000,0x00000000fe180000)
 ParOldGen       total 339968K, used 20337K [0x00000000e0000000, 0x00000000f4c00000, 0x00000000f5580000)
  object space 339968K, 5% used [0x00000000e0000000,0x00000000e13dc5c0,0x00000000f4c00000)
 Metaspace       used 27194K, committed 27520K, reserved 1114112K
  class space    used 2976K, committed 3136K, reserved 1048576K
}
Event: 175,565 GC heap before
{Heap before GC invocations=19 (full 5):
 PSYoungGen      total 112128K, used 111840K [0x00000000f5580000, 0x00000000fe180000, 0x0000000100000000)
  eden space 110592K, 100% used [0x00000000f5580000,0x00000000fc180000,0x00000000fc180000)
  from space 1536K, 81% used [0x00000000fc400000,0x00000000fc538000,0x00000000fc580000)
  to   space 16384K, 0% used [0x00000000fd180000,0x00000000fd180000,0x00000000fe180000)
 ParOldGen       total 339968K, used 20337K [0x00000000e0000000, 0x00000000f4c00000, 0x00000000f5580000)
  object space 339968K, 5% used [0x00000000e0000000,0x00000000e13dc5c0,0x00000000f4c00000)
 Metaspace       used 27196K, committed 27520K, reserved 1114112K
  class space    used 2976K, committed 3136K, reserved 1048576K
}
Event: 175,573 GC heap after
{Heap after GC invocations=19 (full 5):
 PSYoungGen      total 119808K, used 5696K [0x00000000f5580000, 0x00000000fdd00000, 0x0000000100000000)
  eden space 108032K, 0% used [0x00000000f5580000,0x00000000f5580000,0x00000000fbf00000)
  from space 11776K, 48% used [0x00000000fd180000,0x00000000fd710050,0x00000000fdd00000)
  to   space 15360K, 0% used [0x00000000fbf00000,0x00000000fbf00000,0x00000000fce00000)
 ParOldGen       total 339968K, used 20345K [0x00000000e0000000, 0x00000000f4c00000, 0x00000000f5580000)
  object space 339968K, 5% used [0x00000000e0000000,0x00000000e13de5c0,0x00000000f4c00000)
 Metaspace       used 27196K, committed 27520K, reserved 1114112K
  class space    used 2976K, committed 3136K, reserved 1048576K
}
Event: 182,547 GC heap before
{Heap before GC invocations=20 (full 5):
 PSYoungGen      total 119808K, used 113728K [0x00000000f5580000, 0x00000000fdd00000, 0x0000000100000000)
  eden space 108032K, 100% used [0x00000000f5580000,0x00000000fbf00000,0x00000000fbf00000)
  from space 11776K, 48% used [0x00000000fd180000,0x00000000fd710050,0x00000000fdd00000)
  to   space 15360K, 0% used [0x00000000fbf00000,0x00000000fbf00000,0x00000000fce00000)
 ParOldGen       total 339968K, used 20345K [0x00000000e0000000, 0x00000000f4c00000, 0x00000000f5580000)
  object space 339968K, 5% used [0x00000000e0000000,0x00000000e13de5c0,0x00000000f4c00000)
 Metaspace       used 27196K, committed 27520K, reserved 1114112K
  class space    used 2976K, committed 3136K, reserved 1048576K
}
Event: 182,557 GC heap after
{Heap after GC invocations=20 (full 5):
 PSYoungGen      total 109568K, used 3328K [0x00000000f5580000, 0x00000000fda00000, 0x0000000100000000)
  eden space 105984K, 0% used [0x00000000f5580000,0x00000000f5580000,0x00000000fbd00000)
  from space 3584K, 92% used [0x00000000fbf00000,0x00000000fc240000,0x00000000fc280000)
  to   space 14848K, 0% used [0x00000000fcb80000,0x00000000fcb80000,0x00000000fda00000)
 ParOldGen       total 339968K, used 22797K [0x00000000e0000000, 0x00000000f4c00000, 0x00000000f5580000)
  object space 339968K, 6% used [0x00000000e0000000,0x00000000e1643780,0x00000000f4c00000)
 Metaspace       used 27196K, committed 27520K, reserved 1114112K
  class space    used 2976K, committed 3136K, reserved 1048576K
}
Event: 189,056 GC heap before
{Heap before GC invocations=21 (full 5):
 PSYoungGen      total 109568K, used 109312K [0x00000000f5580000, 0x00000000fda00000, 0x0000000100000000)
  eden space 105984K, 100% used [0x00000000f5580000,0x00000000fbd00000,0x00000000fbd00000)
  from space 3584K, 92% used [0x00000000fbf00000,0x00000000fc240000,0x00000000fc280000)
  to   space 14848K, 0% used [0x00000000fcb80000,0x00000000fcb80000,0x00000000fda00000)
 ParOldGen       total 339968K, used 22797K [0x00000000e0000000, 0x00000000f4c00000, 0x00000000f5580000)
  object space 339968K, 6% used [0x00000000e0000000,0x00000000e1643780,0x00000000f4c00000)
 Metaspace       used 27196K, committed 27520K, reserved 1114112K
  class space    used 2976K, committed 3136K, reserved 1048576K
}
Event: 189,062 GC heap after
{Heap after GC invocations=21 (full 5):
 PSYoungGen      total 114688K, used 3360K [0x00000000f5580000, 0x00000000fd600000, 0x0000000100000000)
  eden space 103936K, 0% used [0x00000000f5580000,0x00000000f5580000,0x00000000fbb00000)
  from space 10752K, 31% used [0x00000000fcb80000,0x00000000fcec8000,0x00000000fd600000)
  to   space 13824K, 0% used [0x00000000fbb00000,0x00000000fbb00000,0x00000000fc880000)
 ParOldGen       total 339968K, used 22805K [0x00000000e0000000, 0x00000000f4c00000, 0x00000000f5580000)
  object space 339968K, 6% used [0x00000000e0000000,0x00000000e1645780,0x00000000f4c00000)
 Metaspace       used 27196K, committed 27520K, reserved 1114112K
  class space    used 2976K, committed 3136K, reserved 1048576K
}
Event: 195,397 GC heap before
{Heap before GC invocations=22 (full 5):
 PSYoungGen      total 114688K, used 107296K [0x00000000f5580000, 0x00000000fd600000, 0x0000000100000000)
  eden space 103936K, 100% used [0x00000000f5580000,0x00000000fbb00000,0x00000000fbb00000)
  from space 10752K, 31% used [0x00000000fcb80000,0x00000000fcec8000,0x00000000fd600000)
  to   space 13824K, 0% used [0x00000000fbb00000,0x00000000fbb00000,0x00000000fc880000)
 ParOldGen       total 339968K, used 22805K [0x00000000e0000000, 0x00000000f4c00000, 0x00000000f5580000)
  object space 339968K, 6% used [0x00000000e0000000,0x00000000e1645780,0x00000000f4c00000)
 Metaspace       used 27214K, committed 27584K, reserved 1114112K
  class space    used 2976K, committed 3136K, reserved 1048576K
}
Event: 195,405 GC heap after
{Heap after GC invocations=22 (full 5):
 PSYoungGen      total 105472K, used 3424K [0x00000000f5580000, 0x00000000fd300000, 0x0000000100000000)
  eden space 101888K, 0% used [0x00000000f5580000,0x00000000f5580000,0x00000000fb900000)
  from space 3584K, 95% used [0x00000000fbb00000,0x00000000fbe58000,0x00000000fbe80000)
  to   space 13312K, 0% used [0x00000000fc600000,0x00000000fc600000,0x00000000fd300000)
 ParOldGen       total 339968K, used 22813K [0x00000000e0000000, 0x00000000f4c00000, 0x00000000f5580000)
  object space 339968K, 6% used [0x00000000e0000000,0x00000000e1647780,0x00000000f4c00000)
 Metaspace       used 27214K, committed 27584K, reserved 1114112K
  class space    used 2976K, committed 3136K, reserved 1048576K
}
Event: 201,720 GC heap before
{Heap before GC invocations=23 (full 5):
 PSYoungGen      total 105472K, used 105312K [0x00000000f5580000, 0x00000000fd300000, 0x0000000100000000)
  eden space 101888K, 100% used [0x00000000f5580000,0x00000000fb900000,0x00000000fb900000)
  from space 3584K, 95% used [0x00000000fbb00000,0x00000000fbe58000,0x00000000fbe80000)
  to   space 13312K, 0% used [0x00000000fc600000,0x00000000fc600000,0x00000000fd300000)
 ParOldGen       total 339968K, used 22813K [0x00000000e0000000, 0x00000000f4c00000, 0x00000000f5580000)
  object space 339968K, 6% used [0x00000000e0000000,0x00000000e1647780,0x00000000f4c00000)
 Metaspace       used 27224K, committed 27584K, reserved 1114112K
  class space    used 2976K, committed 3136K, reserved 1048576K
}
Event: 201,726 GC heap after
{Heap after GC invocations=23 (full 5):
 PSYoungGen      total 110080K, used 3328K [0x00000000f5580000, 0x00000000fd000000, 0x0000000100000000)
  eden space 99840K, 0% used [0x00000000f5580000,0x00000000f5580000,0x00000000fb700000)
  from space 10240K, 32% used [0x00000000fc600000,0x00000000fc940000,0x00000000fd000000)
  to   space 12800K, 0% used [0x00000000fb700000,0x00000000fb700000,0x00000000fc380000)
 ParOldGen       total 339968K, used 22821K [0x00000000e0000000, 0x00000000f4c00000, 0x00000000f5580000)
  object space 339968K, 6% used [0x00000000e0000000,0x00000000e1649780,0x00000000f4c00000)
 Metaspace       used 27224K, committed 27584K, reserved 1114112K
  class space    used 2976K, committed 3136K, reserved 1048576K
}

