# JRE version: OpenJDK Runtime Environment (19.0+4) (build 19-loom+4-115)
# Java VM: OpenJDK 64-Bit Server VM (19-loom+4-115, mixed mode, sharing, tiered, compressed oops, compressed class ptrs, parallel gc, linux-amd64)
GC Precious Log:
 CardTable entry size: 512
 CPUs: 12 total, 12 available
 Memory: 31870M
 Large Page Support: Disabled
 NUMA Support: Disabled
 Compressed Oops: Enabled (Zero based)
 Alignments: Space 512K, Generation 512K, Heap 2M
 Heap Min Capacity: 8M
 Heap Initial Capacity: 498M
 Heap Max Capacity: 7968M
 Pre-touch: Disabled
 Parallel Workers: 10
Heap:
 PSYoungGen      total 148992K, used 37256K [0x000000075a000000, 0x0000000764600000, 0x0000000800000000)
  eden space 128000K, 29% used [0x000000075a000000,0x000000075c462200,0x0000000761d00000)
  from space 20992K, 0% used [0x0000000761d00000,0x0000000761d00000,0x0000000763180000)
  to   space 20992K, 0% used [0x0000000763180000,0x0000000763180000,0x0000000764600000)
 ParOldGen       total 339968K, used 20358K [0x000000060e000000, 0x0000000622c00000, 0x000000075a000000)
  object space 339968K, 5% used [0x000000060e000000,0x000000060f3e1ba8,0x0000000622c00000)
 Metaspace       used 27643K, committed 28736K, reserved 1114112K
  class space    used 3212K, committed 3712K, reserved 1048576K
GC Heap History (10 events):
Event: 15,394 GC heap before
{Heap before GC invocations=1 (full 0):
 PSYoungGen      total 148992K, used 128000K [0x000000075a000000, 0x0000000764600000, 0x0000000800000000)
  eden space 128000K, 100% used [0x000000075a000000,0x0000000761d00000,0x0000000761d00000)
  from space 20992K, 0% used [0x0000000763180000,0x0000000763180000,0x0000000764600000)
  to   space 20992K, 0% used [0x0000000761d00000,0x0000000761d00000,0x0000000763180000)
 ParOldGen       total 339968K, used 0K [0x000000060e000000, 0x0000000622c00000, 0x000000075a000000)
  object space 339968K, 0% used [0x000000060e000000,0x000000060e000000,0x0000000622c00000)
 Metaspace       used 20332K, committed 20736K, reserved 1114112K
  class space    used 2402K, committed 2624K, reserved 1048576K
}
Event: 15,400 GC heap after
{Heap after GC invocations=1 (full 0):
 PSYoungGen      total 148992K, used 6892K [0x000000075a000000, 0x0000000764600000, 0x0000000800000000)
  eden space 128000K, 0% used [0x000000075a000000,0x000000075a000000,0x0000000761d00000)
  from space 20992K, 32% used [0x0000000761d00000,0x00000007623bb070,0x0000000763180000)
  to   space 20992K, 0% used [0x0000000763180000,0x0000000763180000,0x0000000764600000)
 ParOldGen       total 339968K, used 63K [0x000000060e000000, 0x0000000622c00000, 0x000000075a000000)
  object space 339968K, 0% used [0x000000060e000000,0x000000060e00fe58,0x0000000622c00000)
 Metaspace       used 20332K, committed 20736K, reserved 1114112K
  class space    used 2402K, committed 2624K, reserved 1048576K
}
Event: 15,430 GC heap before
{Heap before GC invocations=2 (full 0):
 PSYoungGen      total 148992K, used 44079K [0x000000075a000000, 0x0000000764600000, 0x0000000800000000)
  eden space 128000K, 29% used [0x000000075a000000,0x000000075c450bf8,0x0000000761d00000)
  from space 20992K, 32% used [0x0000000761d00000,0x00000007623bb070,0x0000000763180000)
  to   space 20992K, 0% used [0x0000000763180000,0x0000000763180000,0x0000000764600000)
 ParOldGen       total 339968K, used 63K [0x000000060e000000, 0x0000000622c00000, 0x000000075a000000)
  object space 339968K, 0% used [0x000000060e000000,0x000000060e00fe58,0x0000000622c00000)
 Metaspace       used 21172K, committed 21504K, reserved 1114112K
  class space    used 2510K, committed 2688K, reserved 1048576K
}
Event: 15,434 GC heap after
{Heap after GC invocations=2 (full 0):
 PSYoungGen      total 148992K, used 7176K [0x000000075a000000, 0x0000000764600000, 0x0000000800000000)
  eden space 128000K, 0% used [0x000000075a000000,0x000000075a000000,0x0000000761d00000)
  from space 20992K, 34% used [0x0000000763180000,0x00000007638823b8,0x0000000764600000)
  to   space 20992K, 0% used [0x0000000761d00000,0x0000000761d00000,0x0000000763180000)
 ParOldGen       total 339968K, used 71K [0x000000060e000000, 0x0000000622c00000, 0x000000075a000000)
  object space 339968K, 0% used [0x000000060e000000,0x000000060e011e58,0x0000000622c00000)
 Metaspace       used 21172K, committed 21504K, reserved 1114112K
  class space    used 2510K, committed 2688K, reserved 1048576K
}
Event: 15,434 GC heap before
{Heap before GC invocations=3 (full 1):
 PSYoungGen      total 148992K, used 7176K [0x000000075a000000, 0x0000000764600000, 0x0000000800000000)
  eden space 128000K, 0% used [0x000000075a000000,0x000000075a000000,0x0000000761d00000)
  from space 20992K, 34% used [0x0000000763180000,0x00000007638823b8,0x0000000764600000)
  to   space 20992K, 0% used [0x0000000761d00000,0x0000000761d00000,0x0000000763180000)
 ParOldGen       total 339968K, used 71K [0x000000060e000000, 0x0000000622c00000, 0x000000075a000000)
  object space 339968K, 0% used [0x000000060e000000,0x000000060e011e58,0x0000000622c00000)
 Metaspace       used 21172K, committed 21504K, reserved 1114112K
  class space    used 2510K, committed 2688K, reserved 1048576K
}
Event: 15,457 GC heap after
{Heap after GC invocations=3 (full 1):
 PSYoungGen      total 148992K, used 0K [0x000000075a000000, 0x0000000764600000, 0x0000000800000000)
  eden space 128000K, 0% used [0x000000075a000000,0x000000075a000000,0x0000000761d00000)
  from space 20992K, 0% used [0x0000000763180000,0x0000000763180000,0x0000000764600000)
  to   space 20992K, 0% used [0x0000000761d00000,0x0000000761d00000,0x0000000763180000)
 ParOldGen       total 339968K, used 6976K [0x000000060e000000, 0x0000000622c00000, 0x000000075a000000)
  object space 339968K, 2% used [0x000000060e000000,0x000000060e6d0248,0x0000000622c00000)
 Metaspace       used 21062K, committed 21504K, reserved 1114112K
  class space    used 2479K, committed 2688K, reserved 1048576K
}
Event: 62,410 GC heap before
{Heap before GC invocations=4 (full 1):
 PSYoungGen      total 148992K, used 104092K [0x000000075a000000, 0x0000000764600000, 0x0000000800000000)
  eden space 128000K, 81% used [0x000000075a000000,0x00000007605a73a8,0x0000000761d00000)
  from space 20992K, 0% used [0x0000000763180000,0x0000000763180000,0x0000000764600000)
  to   space 20992K, 0% used [0x0000000761d00000,0x0000000761d00000,0x0000000763180000)
 ParOldGen       total 339968K, used 6976K [0x000000060e000000, 0x0000000622c00000, 0x000000075a000000)
  object space 339968K, 2% used [0x000000060e000000,0x000000060e6d0248,0x0000000622c00000)
 Metaspace       used 27892K, committed 28672K, reserved 1114112K
  class space    used 3371K, committed 3712K, reserved 1048576K
}
Event: 62,416 GC heap after
{Heap after GC invocations=4 (full 1):
 PSYoungGen      total 148992K, used 14287K [0x000000075a000000, 0x0000000764600000, 0x0000000800000000)
  eden space 128000K, 0% used [0x000000075a000000,0x000000075a000000,0x0000000761d00000)
  from space 20992K, 68% used [0x0000000761d00000,0x0000000762af3ed0,0x0000000763180000)
  to   space 20992K, 0% used [0x0000000763180000,0x0000000763180000,0x0000000764600000)
 ParOldGen       total 339968K, used 6992K [0x000000060e000000, 0x0000000622c00000, 0x000000075a000000)
  object space 339968K, 2% used [0x000000060e000000,0x000000060e6d4248,0x0000000622c00000)
 Metaspace       used 27892K, committed 28672K, reserved 1114112K
  class space    used 3371K, committed 3712K, reserved 1048576K
}
Event: 62,416 GC heap before
{Heap before GC invocations=5 (full 2):
 PSYoungGen      total 148992K, used 14287K [0x000000075a000000, 0x0000000764600000, 0x0000000800000000)
  eden space 128000K, 0% used [0x000000075a000000,0x000000075a000000,0x0000000761d00000)
  from space 20992K, 68% used [0x0000000761d00000,0x0000000762af3ed0,0x0000000763180000)
  to   space 20992K, 0% used [0x0000000763180000,0x0000000763180000,0x0000000764600000)
 ParOldGen       total 339968K, used 6992K [0x000000060e000000, 0x0000000622c00000, 0x000000075a000000)
  object space 339968K, 2% used [0x000000060e000000,0x000000060e6d4248,0x0000000622c00000)
 Metaspace       used 27892K, committed 28672K, reserved 1114112K
  class space    used 3371K, committed 3712K, reserved 1048576K
}
Event: 62,448 GC heap after
{Heap after GC invocations=5 (full 2):
 PSYoungGen      total 148992K, used 0K [0x000000075a000000, 0x0000000764600000, 0x0000000800000000)
  eden space 128000K, 0% used [0x000000075a000000,0x000000075a000000,0x0000000761d00000)
  from space 20992K, 0% used [0x0000000761d00000,0x0000000761d00000,0x0000000763180000)
  to   space 20992K, 0% used [0x0000000763180000,0x0000000763180000,0x0000000764600000)
 ParOldGen       total 339968K, used 20358K [0x000000060e000000, 0x0000000622c00000, 0x000000075a000000)
  object space 339968K, 5% used [0x000000060e000000,0x000000060f3e1ba8,0x0000000622c00000)
 Metaspace       used 27292K, committed 28672K, reserved 1114112K
  class space    used 3212K, committed 3712K, reserved 1048576K
}

